This is pdfTeX, Version 3.141592653-2.6-1.40.22 (TeX Live 2021/Arch Linux) (preloaded format=pdflatex 2021.6.29)  21 JUL 2021 14:36
entering extended mode
 restricted \write18 enabled.
 %&-line parsing enabled.
**/home/eva/Dropbox/Uni/Glasgow/Project/Latex/Chapters/fgmodules.tex
(/home/eva/Dropbox/Uni/Glasgow/Project/Latex/Chapters/fgmodules.tex
LaTeX2e <2020-10-01> patch level 4
L3 programming layer <2021-02-18>
(/usr/share/texmf-dist/tex/latex/subfiles/subfiles.cls
Document Class: subfiles 2020/11/14 v2.2 Multi-file projects (class)
Preamble taken from file `../Project.tex'
(/usr/share/texmf-dist/tex/latex/import/import.sty
Package: import 2020/04/01  v 6.2
)

! LaTeX Error: File `../Project.tex' not found.

Type X to quit or <RETURN> to proceed,
or enter new name. (Default extension: tex)

Enter file name: 
! Interruption.
<to be read again> 
                   }
l.45 \input{\preamble@file}
                           ^^M
? X
 
Here is how much of TeX's memory you used:
 63 strings out of 478994
 1348 string characters out of 5864751
 284360 words of memory out of 5000000
 17635 multiletter control sequences out of 15000+600000
 403430 words of font info for 27 fonts, out of 8000000 for 9000
 1141 hyphenation exceptions out of 8191
 53i,0n,60p,216b,13s stack positions out of 5000i,500n,10000p,200000b,80000s
No pages of output.
PDF statistics:
 0 PDF objects out of 1000 (max. 8388607)
 0 named destinations out of 1000 (max. 500000)
 1 words of extra memory for PDF output out of 10000 (max. 10000000)

