\BOOKMARK [1][-]{section.1}{\376\377\000G\000l\000o\000s\000s\000a\000r\000y\000\040\000o\000f\000\040\000N\000o\000t\000a\000t\000i\000o\000n}{}% 1
\BOOKMARK [1][-]{section.2}{\376\377\000I\000n\000t\000r\000o\000d\000u\000c\000t\000i\000o\000n}{}% 2
\BOOKMARK [1][-]{section.3}{\376\377\000B\000a\000c\000k\000g\000r\000o\000u\000n\000d}{}% 3
\BOOKMARK [2][-]{subsection.3.1}{\376\377\000G\000r\000o\000u\000p\000\040\000T\000h\000e\000o\000r\000y}{section.3}% 4
\BOOKMARK [2][-]{subsection.3.2}{\376\377\000T\000h\000e\000\040\000L\000i\000n\000e\000a\000r\000\040\000A\000l\000g\000e\000b\000r\000a\000\040\000R\000e\000c\000a\000p\000\040\000a\000n\000d\000\040\000t\000h\000e\000\040\000G\000e\000n\000e\000r\000a\000l\000\040\000L\000i\000n\000e\000a\000r\000\040\000G\000r\000o\000u\000p}{section.3}% 5
\BOOKMARK [1][-]{section.4}{\376\377\000R\000e\000p\000r\000e\000s\000e\000n\000t\000a\000t\000i\000o\000n\000\040\000T\000h\000e\000o\000r\000y}{}% 6
\BOOKMARK [2][-]{subsection.4.1}{\376\377\000G\000r\000o\000u\000p\000\040\000R\000e\000p\000r\000e\000s\000e\000n\000t\000a\000t\000i\000o\000n\000s}{section.4}% 7
\BOOKMARK [2][-]{subsection.4.2}{\376\377\000M\000a\000s\000c\000h\000k\000e\000'\000s\000\040\000T\000h\000e\000o\000r\000e\000m\000\040\000a\000n\000d\000\040\000R\000e\000d\000u\000c\000i\000b\000i\000l\000i\000t\000y}{section.4}% 8
\BOOKMARK [1][-]{section.5}{\376\377\000F\000G\000-\000M\000o\000d\000u\000l\000e\000s}{}% 9
\BOOKMARK [2][-]{subsection.5.1}{\376\377\000B\000a\000s\000i\000c\000\040\000D\000e\000f\000i\000n\000i\000t\000i\000o\000n\000s}{section.5}% 10
\BOOKMARK [2][-]{subsection.5.2}{\376\377\000M\000a\000s\000c\000h\000k\000e\000'\000s\000\040\000T\000h\000e\000o\000r\000e\000m\000\040\000f\000o\000r\000\040\000F\000G\000-\000M\000o\000d\000u\000l\000e\000s}{section.5}% 11
\BOOKMARK [2][-]{subsection.5.3}{\376\377\000S\000c\000h\000u\000r\000'\000s\000\040\000L\000e\000m\000m\000a}{section.5}% 12
\BOOKMARK [1][-]{section.6}{\376\377\000C\000h\000a\000r\000a\000c\000t\000e\000r\000\040\000T\000h\000e\000o\000r\000y}{}% 13
\BOOKMARK [2][-]{subsection.6.1}{\376\377\000B\000a\000s\000i\000c\000\040\000D\000e\000f\000i\000n\000i\000t\000i\000o\000n\000s\000\040\000a\000n\000d\000\040\000R\000e\000s\000u\000l\000t\000s}{section.6}% 14
\BOOKMARK [2][-]{subsection.6.2}{\376\377\000T\000h\000e\000\040\000R\000e\000g\000u\000l\000a\000r\000\040\000C\000h\000a\000r\000a\000c\000t\000e\000r}{section.6}% 15
\BOOKMARK [2][-]{subsection.6.3}{\376\377\000I\000n\000n\000e\000r\000\040\000p\000r\000o\000d\000u\000c\000t\000s\000\040\000o\000f\000\040\000C\000h\000a\000r\000a\000c\000t\000e\000r\000s}{section.6}% 16
\BOOKMARK [1][-]{section.7}{\376\377\000C\000h\000a\000r\000a\000c\000t\000e\000r\000\040\000T\000a\000b\000l\000e\000s}{}% 17
\BOOKMARK [1][-]{section.8}{\376\377\000O\000r\000t\000h\000o\000g\000o\000n\000a\000l\000i\000t\000y\000\040\000R\000e\000l\000a\000t\000i\000o\000n\000s}{}% 18
\BOOKMARK [1][-]{section.9}{\376\377\000C\000o\000n\000c\000l\000u\000s\000i\000o\000n}{}% 19
\BOOKMARK [1][-]{section.10}{\376\377\000R\000e\000f\000e\000r\000e\000n\000c\000e\000s}{}% 20
